<?xml version="1.0" encoding="UTF-8"?>
<!-- Generated by org.testng.reporters.JUnitXMLReporter -->
<testsuite ignored="0" hostname="DESKTOP-CFBSPG5" failures="0" tests="6" name="Default test" time="22.575" errors="0" timestamp="11 Feb 2021 02:58:26 GMT">
  <testcase classname="com.KaziProject.DoubleClicl2TestNG" name="Test1" time="5.143"/>
  <testcase classname="com.KaziProject.DoubleClicl2TestNG" name="Test2" time="2.213"/>
  <testcase classname="com.KaziProject.DoubleClicl2TestNG" name="Test3" time="2.051"/>
  <testcase classname="com.KaziProject.DoubleClicl2TestNG" name="Test4" time="2.177"/>
  <testcase classname="com.KaziProject.DoubleClicl2TestNG" name="Test5" time="2.148"/>
  <testcase classname="com.KaziProject.DoubleClicl2TestNG" name="Test6" time="2.089"/>
</testsuite> <!-- Default test -->
