<?xml version="1.0" encoding="UTF-8"?>
<testng-results ignored="0" total="6" passed="6" failed="0" skipped="0">
  <reporter-output>
  </reporter-output>
  <suite started-at="2021-02-11T02:58:04Z" name="Default suite" finished-at="2021-02-11T02:58:26Z" duration-ms="22575">
    <groups>
    </groups>
    <test started-at="2021-02-11T02:58:04Z" name="Default test" finished-at="2021-02-11T02:58:26Z" duration-ms="22575">
      <class name="com.KaziProject.DoubleClicl2TestNG">
        <test-method is-config="true" signature="setup()[pri:0, instance:com.KaziProject.DoubleClicl2TestNG@5c86a017]" started-at="2021-02-11T02:58:04Z" name="setup" finished-at="2021-02-11T02:58:10Z" duration-ms="6237" status="PASS">
          <reporter-output>
          </reporter-output>
        </test-method> <!-- setup -->
        <test-method signature="Test1()[pri:0, instance:com.KaziProject.DoubleClicl2TestNG@5c86a017]" started-at="2021-02-11T02:58:10Z" name="Test1" finished-at="2021-02-11T02:58:15Z" duration-ms="5143" status="PASS">
          <reporter-output>
          </reporter-output>
        </test-method> <!-- Test1 -->
        <test-method signature="Test2()[pri:0, instance:com.KaziProject.DoubleClicl2TestNG@5c86a017]" started-at="2021-02-11T02:58:15Z" name="Test2" finished-at="2021-02-11T02:58:17Z" duration-ms="2213" status="PASS">
          <reporter-output>
          </reporter-output>
        </test-method> <!-- Test2 -->
        <test-method signature="Test3()[pri:0, instance:com.KaziProject.DoubleClicl2TestNG@5c86a017]" started-at="2021-02-11T02:58:17Z" name="Test3" finished-at="2021-02-11T02:58:19Z" duration-ms="2051" status="PASS">
          <reporter-output>
          </reporter-output>
        </test-method> <!-- Test3 -->
        <test-method signature="Test4()[pri:0, instance:com.KaziProject.DoubleClicl2TestNG@5c86a017]" started-at="2021-02-11T02:58:19Z" name="Test4" finished-at="2021-02-11T02:58:21Z" duration-ms="2177" status="PASS">
          <reporter-output>
          </reporter-output>
        </test-method> <!-- Test4 -->
        <test-method signature="Test5()[pri:0, instance:com.KaziProject.DoubleClicl2TestNG@5c86a017]" started-at="2021-02-11T02:58:21Z" name="Test5" finished-at="2021-02-11T02:58:24Z" duration-ms="2148" status="PASS">
          <reporter-output>
          </reporter-output>
        </test-method> <!-- Test5 -->
        <test-method signature="Test6()[pri:0, instance:com.KaziProject.DoubleClicl2TestNG@5c86a017]" started-at="2021-02-11T02:58:24Z" name="Test6" finished-at="2021-02-11T02:58:26Z" duration-ms="2089" status="PASS">
          <reporter-output>
          </reporter-output>
        </test-method> <!-- Test6 -->
        <test-method is-config="true" signature="quit()[pri:0, instance:com.KaziProject.DoubleClicl2TestNG@5c86a017]" started-at="2021-02-11T02:58:26Z" name="quit" finished-at="2021-02-11T02:58:26Z" duration-ms="470" status="PASS">
          <reporter-output>
          </reporter-output>
        </test-method> <!-- quit -->
      </class> <!-- com.KaziProject.DoubleClicl2TestNG -->
    </test> <!-- Default test -->
  </suite> <!-- Default suite -->
</testng-results>
